inssu	3_0/55_0	20/15	14/9	chr21	21426798	21426807	8	chr21	21425334	21425783	450
inssu	27_0/158_0	17/12	8/6	chr21	17932637	17932646	8	chr21	17931107	17931630	524
inssu	33_0/236_0	17/9	12/6	chr21	16387672	16387674	1	chr21	16386170	16386622	453
del_inssd	52_0/145_0	15/12	9/7	chr21	16098279	16099291	1011	chr21	16100285	16100834	550
inssu	60_0/177_0	15/11	11/11	chr21	15840916	15840918	1	chr21	15839354	15839884	531
del_inssd	80_0/207_0	14/10	7/5	chr21	16310346	16311330	983	chr21	16312304	16312806	503
inssu	92_0/111_0	14/13	5/8	chr21	16176503	16176500	-4	chr21	16175037	16175517	481
del_inssd	103_0/13_0	14/18	4/6	chr21	22224660	22225722	1061	chr21	22226785	22227282	498
del_inssu	120_0/62_0	13/15	10/3	chr21	15509618	15510738	1119	chr21	15508136	15508640	505
del_inssd	130_0/87_0	14/16	5/7	chr21	20590779	20591751	971	chr21	20592661	20593144	484
del_inssd	133_0/23_0	12/17	16/11	chr21	17883341	17884258	916	chr21	17885162	17885704	543
inssu	140_0/295_0	14/13	7/11	chr21	10517006	10517009	2	chr21	10515594	10516081	488
del_inssu	160_0/229_0	12/9	7/2	chr21	18708749	18709798	1048	chr21	18707163	18707629	467
del_inssu	168_0/206_0	11/10	5/8	chr21	16840924	16841865	940	chr21	16839483	16840006	524
inssu	173_0/138_0	11/12	2/8	chr21	14182062	14182067	4	chr21	14180622	14181033	412
inssu	191_0/256_0	10/8	3/5	chr21	24068940	24068949	8	chr21	24067566	24067993	428
inssd	198_0/137_0	10/12	11/7	chr21	22645728	22645733	4	chr21	22646610	22647250	641
del_inssd	201_0/308_0	10/6	6/7	chr21	15809467	15810419	951	chr21	15811430	15811902	473
del_inssd	211_0/230_0	10/9	8/4	chr21	24211421	24212440	1018	chr21	24213456	24213967	512
inssd	212_0/254_0	10/8	2/3	chr21	14570566	14570591	24	chr21	14571541	14572060	520
inssd	226_0/239_0	17/12	7/4	chr21	13825988	13825989	0	chr21	13827051	13827572	522
del_inssu	243_0/238_0	11/14	9/16	chr21	14100535	14101516	980	chr21	14099067	14099520	454
inssu	250_0/134_0	8/12	5/6	chr21	16965560	16965563	2	chr21	16964049	16964504	456
del_inssu	274_0/104_0	15/14	7/8	chr21	14509841	14510941	1099	chr21	14508363	14508871	509
inssu	278_0/176_0	9/11	8/11	chr21	19907103	19907107	3	chr21	19905565	19906077	513
inssu	281_0/180_0	7/11	3/10	chr21	24416456	24416468	11	chr21	24414954	24415491	538
del_inssu	284_0/148_0	7/12	5/8	chr21	18213559	18214526	966	chr21	18212011	18212553	543
tandem_dup	294_0	7	5	chr21	20271033	20272475	1442
inssu	301_0/200_0	6/10	6/6	chr21	17522053	17522069	15	chr21	17520555	17521069	515
inssd	303_0/122_0	6/13	5/5	chr21	21199607	21199611	3	chr21	21200613	21201059	447
del_inssd	320_0/164_0	5/11	5/6	chr21	20270060	20271033	972	chr21	20272061	20272475	415
del_inssd	330_0/327_0	8/5	7/10	chr21	13000254	13001260	1005	chr21	13002305	13002704	400
del_invers	0_0/40_0	23/16	9/11	chr21	17649754	17650740	985	chr21	17649995	17650494	499	241	246
insod	2_0/248_0	20/8	18/7	chr21	22313836	22313835	-2	chr21	22314885	22315405	521
del_insod	5_0/306_0	19/6	12/5	chr21	19051045	19052148	1102	chr21	19053127	19053596	470
invers	7_0/297_0	19/11	12/10	chr21	18849060	18849533	473
invers	8_0/82_0	19/14	7/4	chr21	19486785	19487309	524
invers	9_0/171_0	19/11	14/7	chr21	20799099	20799593	494
del_insod	15_0/24_0	18/17	6/9	chr21	21969278	21970280	1001	chr21	21971306	21971817	512
invers	17_0/66_0	18/15	12/10	chr21	17613526	17613904	378
del_insod	25_0/54_0	16/15	6/7	chr21	23263470	23264467	996	chr21	23265441	23265884	444
invers	26_0/141_0	17/12	7/3	chr21	20413846	20414300	454
del_insod	28_0/172_0	17/11	8/4	chr21	21397203	21398283	1079	chr21	21399295	21399836	542
invers	29_0/119_0	17/13	10/6	chr21	19110799	19111281	482
del_insou	38_0/65_0	16/15	3/6	chr21	19797852	19798978	1125	chr21	19796375	19796805	431
del_invers	44_0/255_0	16/8	9/8	chr21	15957024	15958063	1038	chr21	15957312	15957779	467	288	284
del_invers	45_0/259_0	16/8	10/4	chr21	19215524	19216638	1113	chr21	19215832	19216328	496	308	310
insou	56_0/113_0	15/13	12/6	chr21	23737196	23737250	53	chr21	23735693	23736208	516
del_invers	57_0/4_0	15/20	11/12	chr21	15612228	15613209	980	chr21	15612458	15612982	524	230	227
del_invers	58_0/159_0	15/12	8/8	chr21	15238283	15239249	965	chr21	15238490	15239030	540	207	219
del_invers	59_0/37_0	15/16	9/7	chr21	21276923	21277874	950	chr21	21277136	21277620	484	213	254
invers	61_0/199_0	15/10	6/5	chr21	21476403	21476860	457
del_insod	63_0/302_0	15/6	8/6	chr21	19388808	19389842	1033	chr21	19390924	19391316	393
del_invers	64_0/83_0	15/14	10/7	chr21	23834276	23835268	991	chr21	23834534	23835018	484	258	250
invers	74_0/244_0	24/8	14/8	chr21	15545542	15546100	558
invers	75_0/41_0	14/16	7/5	chr21	19925495	19926007	512
invers	76_0/142_0	14/12	11/3	chr21	15892918	15893399	481
invers	77_0/178_0	14/11	6/5	chr21	21209784	21210277	493
invers	79_0/47_0	14/16	8/8	chr21	16422529	16423012	483
del_insod	81_0/107_0	14/15	9/10	chr21	22577586	22578639	1052	chr21	22579595	22580099	505
del_invers	85_0/166_0	14/11	6/8	chr21	24470981	24471927	945	chr21	24471215	24471702	487	234	225
invers	88_0/34_0	14/16	9/7	chr21	22048777	22049291	514
del_invers	89_0/196_0	14/10	6/2	chr21	16251275	16252319	1043	chr21	16251530	16252053	523	255	266
del_invers	93_0/169_0	14/11	4/8	chr21	14221127	14222174	1046	chr21	14221361	14221928	567	234	246
invers	100_0/223_0	18/10	9/8	chr21	23289758	23290305	547
del_invers	114_0/146_0	13/12	9/12	chr21	17131507	17132475	967	chr21	17131761	17132226	465	254	249
del_insod	117_0/202_0	13/10	4/6	chr21	17448498	17449543	1044	chr21	17450511	17450911	401
del_invers	118_0/116_0	13/13	10/9	chr21	22813933	22814923	989	chr21	22814151	22814652	501	218	271
del_insod	121_0/318_0	13/5	3/5	chr21	10686092	10687140	1047	chr21	10688182	10688748	567
invers	129_0/187_0	15/13	9/7	chr21	17061773	17062284	511
del_invers	131_0/329_0	15/15	12/6	chr21	22446619	22447630	1010	chr21	22446809	22447383	574	190	247
insod	143_0/42_0	12/16	5/13	chr21	19456665	19456662	-4	chr21	19457612	19458078	467
insod	162_0/105_0	11/14	6/4	chr21	18741709	18741727	17	chr21	18742801	18743278	478
insou	163_0/86_0	11/14	9/7	chr21	15109875	15109923	47	chr21	15108428	15108880	453
invers	170_0/210_0	11/10	8/5	chr21	17955256	17955748	492
invers	174_0/147_0	11/12	7/5	chr21	22325752	22326193	441
del_invers	175_0/275_0	11/8	8/6	chr21	16514596	16515565	968	chr21	16514868	16515298	430	272	267
del_invers	189_0/90_0	12/13	9/3	chr21	18907755	18908786	1030	chr21	18907999	18908539	540	244	247
insod	190_0/1_0	11/20	4/13	chr21	22022495	22022512	16	chr21	22023506	22024095	590
del_invers	192_0/241_0	10/10	8/11	chr21	20429640	20430691	1050	chr21	20429954	20430393	439	314	298
del_invers	194_0/136_0	10/12	6/9	chr21	21622441	21623458	1016	chr21	21622655	21623239	584	214	219
del_invers	195_0/305_0	10/6	6/6	chr21	23322248	23323247	998	chr21	23322492	23322957	465	244	290
insou	197_0/14_0	10/18	7/13	chr21	15531048	15531084	35	chr21	15529656	15530129	474
invers	204_0/108_0	10/14	12/12	chr21	24435485	24435919	434
invers	208_0/231_0	10/9	7/5	chr21	23815864	23816349	485
del_insod	209_0/135_0	10/12	7/7	chr21	15078761	15079704	942	chr21	15080662	15081166	505
invers	218_0/46_0	13/16	10/6	chr21	18323538	18324008	470
del_invers	224_0/16_0	10/18	3/7	chr21	24107173	24108157	983	chr21	24107431	24107905	474	258	252
insou	225_0/460_0	13/4	7/11	chr21	13503689	13503730	40	chr21	13502177	13502630	454
invers	234_0/84_0	9/14	6/2	chr21	15220751	15221204	453
del_invers	245_0/112_0	8/13	8/7	chr21	18415092	18416134	1041	chr21	18415345	18415891	546	253	243
del_invers	246_0/51_0	8/16	2/5	chr21	17966843	17967830	986	chr21	17967081	17967576	495	238	254
invers	249_0/157_0	8/14	7/5	chr21	22671540	22672078	538
del_invers	252_0/182_0	8/11	9/3	chr21	19996407	19997430	1022	chr21	19996658	19997152	494	251	278
del_insod	253_0/247_0	8/8	5/7	chr21	21109184	21110221	1036	chr21	21111198	21111776	579
invers	257_0/36_0	8/16	7/6	chr21	24089742	24090299	557
invers	271_0/221_0	10/13	11/2	chr21	16206090	16206569	479
del_invers	272_0/205_0	8/10	4/11	chr21	22107464	22108427	962	chr21	22107729	22108139	410	265	288
del_invers	273_0/102_0	8/14	6/9	chr21	14643181	14644185	1003	chr21	14643428	14643913	485	247	272
del_invers	276_0/285_0	8/8	7/6	chr21	19545560	19546688	1127	chr21	19545900	19546355	455	340	333
insod	279_0/228_0	7/9	6/5	chr21	23275061	23275085	23	chr21	23276016	23276598	583
del_insou	282_0/232_0	7/9	6/3	chr21	24008965	24009961	995	chr21	24007650	24008028	379
insod	283_0/251_0	7/8	3/3	chr21	19094068	19094073	4	chr21	19095096	19095548	453
del_insou	287_0/43_0	14/16	9/9	chr21	23707931	23709066	1134	chr21	23706700	23706972	273
invers	296_0/240_0	8/10	6/5	chr21	14200727	14201254	527
del_invers	298_0/2498_0	12/5	9/3	chr21	13231055	13231953	897	chr21	13231261	13231746	485	206	207
del_insou	304_0/458_0	9/3	7/12	chr21	13479839	13480924	1084	chr21	13478441	13478880	440
insou	307_0/30_0	6/17	4/9	chr21	18257010	18257059	48	chr21	18255580	18255987	408
insod	316_0/167_0	7/11	6/3	chr21	20757326	20757334	7	chr21	20758412	20758833	422
del_invers	326_0/2504_0	9/2	6/1	chr21	10377213	10378207	993	chr21	10377467	10377925	458	254	282
insou	331_0/186_0	9/19	13/6	chr21	13924591	13924589	-3	chr21	13924154	13924150	-3
del_invers	333_0/12_0	10/20	5/7	chr21	13953413	13954393	979	chr21	13953666	13954147	481	253	246
invers	336_0/161_0	6/17	10/9	chr21	10450839	10451345	506
invers_f	450_0	4	8	chr21	13801367	13802411	1044
invers	466_0/335_0	5/8	3/2	chr21	13129929	13130399	470
invers_f	2624_0	2	9	chr21	14626638	14627117	479
insod	319_0/332_0	10/8	6/7	chr22	11018906	11018909	2	chr22	44462768	44463374	607
invers_f	2502_0	5	6	chr22	17027971	20972289	3944318
del	6	19	8	chr21	16788693	16789649	955
del	22	17	6	chr21	20223532	20224501	968
del	35	16	5	chr21	15000602	15001635	1032
del	39	16	10	chr21	15790030	15790983	952
del	53	15	8	chr21	18998669	18999671	1001
del	78	14	9	chr21	19674605	19675612	1006
del	91	14	8	chr21	14078503	14079494	990
del	94	14	10	chr21	18689949	18691017	1067
del	101	14	9	chr21	21318333	21319344	1010
del	109	13	5	chr21	10761417	10762442	1024
del	110	13	5	chr21	23572837	23573824	986
del	115	13	9	chr21	23045370	23046469	1098
del	139	12	5	chr21	14317020	14317992	971
del	144	12	8	chr21	17395478	17396454	975
del	165	11	7	chr21	16085947	16086907	959
del	179	11	7	chr21	19353373	19354453	1079
del	181	11	6	chr21	20555711	20556821	1109
del	193	10	4	chr21	23922535	23923418	882
del	203	10	2	chr21	22210564	22211556	991
del	219	14	8	chr21	13463372	13464383	1010
del	222	10	7	chr21	17866437	17867318	880
del	227	9	6	chr21	21846833	21847825	991
del	233	9	6	chr21	21064385	21065279	893
del	235	9	3	chr21	18103052	18104135	1082
invers_r	258	8	4	chr21	20833559	20834302	743
del	280	8	5	chr21	15465009	15466026	1016
del	286	7	6	chr21	16297274	16298336	1061
del	300	6	5	chr21	20315370	20316358	987
del	315	6	9	chr21	22550483	22551489	1005
del	457	3	10	chr21	10333635	10334630	994
del	2623	6	9	chr21	24180233	24181171	937
