inss	10_0/242_0	19/14	18/6	chr21	19258997	19258997	-1	chr22	44572837	44573265	429
del_inss	11_0/68_0	19/15	9/8	chr21	15399254	15400238	983	chr22	20555645	20556149	505
del_inss	49_0/352_0	16/7	9/5	chr21	17359125	17360161	1035	chr22	41161156	41161682	527
del_inss	50_0/126_0	16/13	9/8	chr21	23536262	23537289	1026	chr22	47512712	47513263	552
del_inss	69_0/309_0	15/6	10/5	chr21	20105623	20106646	1022	chr22	42303692	42304080	389
inss	96_0/153_0	14/12	10/6	chr21	15745987	15745985	-3	chr22	34042127	34042649	523
del_inss	97_0/184_0	14/11	9/9	chr21	18046359	18047353	993	chr22	46694664	46695158	495
inss	123_0/312_0	13/12	6/4	chr21	22163314	22163319	4	chr22	33967333	33967852	520
inss	125_0/459_0	15/3	8/6	chr21	22457026	22457044	17	chr22	33073905	33074466	562
del_inss	127_0/48_0	13/16	9/12	chr21	15764241	15765237	995	chr22	45478173	45478616	444
inss	132_0/451_0	13/8	6/6	chr21	23890958	23890966	7	chr22	25198064	25198606	543
inss	151_0/183_0	12/11	6/10	chr21	17992993	17992995	1	chr22	45367269	45367814	546
inss	154_0/73_0	12/15	5/7	chr21	23444690	23444690	-1	chr22	46928489	46929045	557
inss	156_0/21_0	12/18	11/13	chr21	20040534	20040536	1	chr22	45834187	45834637	451
del_inss	260_0/149_0	8/12	3/4	chr21	20992537	20993465	927	chr22	20522099	20522600	502
del_inss	263_0/262_0	8/8	6/6	chr21	19620622	19621703	1080	chr22	27428866	27429342	477
inss	266_0/237_0	8/9	6/6	chr21	24504625	24504627	1	chr22	33231673	33232144	472
inss	288_0/32_0	7/17	9/10	chr21	17706678	17706673	-6	chr22	27515059	27515493	435
inss	293_0/2499_0	12/5	6/5	chr21	18944048	18944078	29	chr22	31636429	31636902	474
del_inss	313_0/291_0	11/14	10/5	chr21	17762944	17764031	1086	chr22	45008908	45009349	442
inss	314_0/338_0	17/11	17/8	chr21	13276328	13276327	-2	chr22	40264093	40264551	459
del_inss	321_0/124_0	5/13	6/5	chr21	22972218	22973262	1043	chr22	42815426	42815892	467
del_inss	324_0/277_1	9/16	8/6	chr21	13700690	13701689	998	chr22	47288263	47288704	442
inss	337_0/325_0	14/12	3/7	chr21	19561608	19561610	1	chr22	44843630	44844178	549
inss	349_0/452_0	5/15	9/6	chr21	22920820	22920836	15	chr22	28639725	28640161	437
del_inss	454_0/348_0	15/7	7/7	chr21	22496743	22497831	1087	chr22	30207941	30208337	397
inss	465_0/2589_0	5/10	6/7	chr21	16596563	16596579	15	chr22	42992859	42993344	486
inss	2622_0/2501_0	15/15	9/6	chr21	16265879	16265886	6	chr22	21871293	21871852	560
inso	19_0/214_0	18/10	11/4	chr21	20863763	20863769	5	chr22	27694239	27694698	460
inso	20_0/334_0	18/14	18/6	chr21	20511874	20511877	2	chr22	41944553	41945052	500
del_inso	71_0/270_0	15/11	15/5	chr21	19311930	19312914	983	chr22	46866690	46867237	548
transl_inter	72_0	15	11	chr21	15975443	1	chr22	47464330	1
del_inso	95_0/128_0	14/13	13/8	chr21	21299002	21300069	1066	chr22	32090644	32091187	544
del_inso	150_0/70_0	12/15	9/10	chr21	21810506	21811436	929	chr22	44683320	44683803	484
del_inso	152_0/188_0	12/11	6/6	chr21	15992170	15993166	995	chr22	46010885	46011387	503
inso	155_0/98_0	12/15	8/7	chr21	15377464	15377469	4	chr22	25963293	25963865	573
inso	215_0/185_0	10/11	6/5	chr21	24120384	24120389	4	chr22	41582579	41583070	492
del_inso	220_0/267_0	11/16	7/12	chr21	24557705	24558759	1053	chr22	17558032	17558549	518
del_inso	261_0/217_0	8/10	6/9	chr21	16282199	16283219	1019	chr22	32811314	32811828	515
inso	264_0/18_0	8/18	4/10	chr21	21287140	21287149	8	chr22	48969104	48969664	561
del_inso	265_0/213_0	8/10	4/7	chr21	14943061	14944073	1011	chr22	36706972	36707515	544
inso	268_0/216_0	8/10	9/3	chr21	17294880	17294891	10	chr22	35414296	35414760	465
del_inso	290_0/31_0	7/17	2/5	chr21	14304510	14305565	1054	chr22	44364355	44364794	440
del_inso	292_0/289_0	7/7	6/6	chr21	20523862	20524962	1099	chr22	38304526	38305038	513
del_inso	310_0/99_0	6/14	8/12	chr21	14042744	14043596	851	chr22	24503928	24504504	577
del_inso	311_0/453_0	12/8	7/11	chr21	22189546	22190528	981	chr22	16439534	16439983	450
inso	328_0/350_0	10/8	7/2	chr21	13994923	13994952	28	chr22	31247394	31247939	546
inso	345_0/106_0	13/15	4/3	chr21	21722030	21722039	8	chr22	46941434	46941852	419
del_inso	346_0/468_1	17/8	10/4	chr21	18651086	18652107	1020	chr22	21120807	21121325	519
inso	347_0/351_0	10/7	10/12	chr21	13681952	13681953	0	chr22	45266100	45266662	563
del_inso	353_0/464_0	6/8	6/9	chr21	16654417	16655415	997	chr22	31500853	31501427	575
del_inso	467_0/2505_0	11/12	8/5	chr21	24158891	24159966	1074	chr22	37587098	37587664	567
del_inso	2590_0/2503_0	10/16	3/9	chr21	23904187	23905221	1033	chr22	19496673	19497155	483
inss	339_2/323_1	11/13	6/8	chr21	14817548	14817563	14	chr22	21219606	21220027	422
transl_inter	67	15	2	chr21	18983474	1	chr22	37952560	-1
transl_inter	322	13	5	chr21	13308768	-1	chr22	21476755	-1
transl_inter	461	8	9	chr21	10351035	1	chr22	20971758	-1
transl_inter	2500	13	5	chr21	14255272	-1	chr22	17147986	1
transl_inter	2586	2	3	chr17	37568026	1	chr21	18907725	1
transl_inter	2621	2	5	chr21	15221232	-1	chr8	79212274	1
