inss	10_0/242_0	19/14	chr21	19258995	19258996	0	chr22	44572834	44573276	443	19258985:19259019:44572794:44572844	19258958:19259006:44573266:44573345
del_inss	11_0/68_0	19/15	chr21	15399256	15400232	975	chr22	20555631	20556159	529	15399246:15399284:20555601:20555641	15400193:15400242:20556149:20556200
del_inss	49_0/352_0	16/7	chr21	17359129	17360140	1010	chr22	41161151	41161670	520	17359119:17359156:41161098:41161161	17360048:17360150:41161660:41161720
del_inss	50_0/126_0	16/13	chr21	23536274	23537284	1009	chr22	47512711	47513263	553	23536264:23536295:47512659:47512721	23537271:23537294:47513253:47513290
del_inss	69_0/309_0	15/6	chr21	20105628	20106638	1009	chr22	42303684	42304079	396	20105618:20105688:42303650:42303694	20106602:20106648:42304069:42304133
inss	96_0/153_0	14/12	chr21	15745987	15745984	-4	chr22	34042132	34042646	515	15745977:15746024:34042102:34042142	15745924:15745994:34042636:34042705
del_inss	97_0/184_0	14/11	chr21	18046357	18047351	993	chr22	46694660	46695159	500	18046347:18046384:46694610:46694670	18047313:18047361:46695149:46695179
inss	123_0/312_0	13/12	chr21	22163313	22163310	-4	chr22	33967329	33967859	531	22163303:22163340:33967291:33967339	22163283:22163320:33967849:33967905
inss	125_0/459_0	15/3	chr21	22457028	22457042	13	chr22	33073903	33074441	539	22457018:22457077:33073858:33073913	22456957:22457052:33074431:33074512
del_inss	127_0/48_0	13/16	chr21	15764247	15765237	989	chr22	45478168	45478608	441	15764237:15764280:45478102:45478178	15765168:15765247:45478598:45478645
inss	132_0/451_0	13/8	chr21	23890957	23890962	4	chr22	25198046	25198599	554	23890947:23890981:25198011:25198056	23890926:23890972:25198589:25198637
inss	151_0/183_0	12/11	chr21	17992993	17992994	0	chr22	45367265	45367810	546	17992983:17993046:45367215:45367275	17992942:17993004:45367800:45367864
inss	154_0/73_0	12/15	chr21	23444689	23444690	0	chr22	46928488	46929049	562	23444679:23444721:46928443:46928498	23444644:23444700:46929039:46929106
inss	156_0/21_0	12/18	chr21	20040527	20040532	4	chr22	45834186	45834633	448	20040517:20040575:45834123:45834196	20040513:20040542:45834623:45834661
del_inss	260_0/149_0	8/12	chr21	20992557	20993464	906	chr22	20522106	20522594	489	20992547:20992616:20522050:20522116	20993419:20993474:20522584:20522646
del_inss	263_0/262_0	8/8	chr21	19620614	19621699	1084	chr22	27428846	27429342	497	19620604:19620675:27428801:27428856	19621649:19621709:27429332:27429387
inss	266_0/237_0	8/9	chr21	24504626	24504616	-11	chr22	33231667	33232150	484	24504616:24504670:33231604:33231677	24504573:24504626:33232140:33232187
inss	288_0/32_0	7/17	chr21	17706676	17706676	-1	chr22	27515058	27515504	447	17706666:17706722:27515028:27515068	17706619:17706686:27515494:27515553
inss	293_0/2499_0	12/5	chr21	18944046	18944057	10	chr22	31636428	31636860	433	18944036:18944095:31636370:31636438	18943962:18944067:31636850:31636952
del_inss	313_0/291_0	11/14	chr21	17762947	17764009	1061	chr22	45008906	45009350	445	17762937:17762992:45008859:45008916	17763987:17764019:45009340:45009390
inss	314_0/338_0	17/11	chr21	13276326	13276320	-7	chr22	40264092	40264562	471	13276316:13276334:40264050:40264102	13276282:13276330:40264552:40264596
del_inss	321_0/124_0	5/13	chr21	22972221	22973250	1028	chr22	42815417	42815883	467	22972211:22972261:42815348:42815427	22973200:22973260:42815873:42815932
del_inss	324_0/277_1	9/16	chr21	13700687	13701680	992	chr22	47288262	47288706	445	13700677:13700726:47288197:47288272	13701636:13701690:47288696:47288757
inss	337_0/325_0	14/12	chr21	19561605	19561616	10	chr22	44843618	44844177	560	19561595:19561658:44843566:44843628	19561556:19561626:44844167:44844220
inss	349_0/452_0	5/15	chr21	22920823	22920825	1	chr22	28639722	28640156	435	22920813:22920924:28639656:28639732	22920761:22920835:28640146:28640186
del_inss	454_0/348_0	15/7	chr21	22496738	22497821	1082	chr22	30207923	30208335	413	22496728:22496777:30207878:30207933	22497771:22497831:30208325:30208420
inss	465_0/2589_0	5/10	chr21	16596571	16596575	3	chr22	42992863	42993348	486	16596561:16596651:42992822:42992873	16596522:16596585:42993338:42993387
inss	2622_0/2501_0	15/15	chr21	16265884	16265879	-6	chr22	21871293	21871851	559	16265874:16265903:21871258:21871303	16265837:16265889:21871841:21871896
inso	19_0/214_0	18/10	chr21	20863768	20863768	-1	chr22	27694236	27694703	468	20863758:20863803:27694693:27694739	20863710:20863778:27694184:27694246
inso	20_0/334_0	18/14	chr21	20511876	20511869	-8	chr22	41944557	41945056	500	20511866:20511909:41945046:41945084	20511831:20511879:41944495:41944567
del_inso	71_0/270_0	15/11	chr21	19311919	19312911	991	chr22	46866707	46867232	526	19311909:19311957:46867222:46867283	19312884:19312921:46866645:46866717
inso	72_0/299_0	15/7	chr21	15975436	15975437	0	chr22	47463903	47464340	438	15975426:15975480:47464330:47464348	15975380:15975447:47463831:47463913
del_inso	95_0/128_0	14/13	chr21	21299004	21300058	1053	chr22	32090640	32091186	547	21298994:21299055:32091176:32091231	21300026:21300068:32090618:32090650
del_inso	150_0/70_0	12/15	chr21	21810503	21811434	930	chr22	44683310	44683809	500	21810493:21810535:44683799:44683812	21811397:21811444:44683259:44683320
del_inso	152_0/188_0	12/11	chr21	15992170	15993148	977	chr22	46010888	46011394	507	15992160:15992228:46011384:46011433	15993136:15993158:46010850:46010898
inso	155_0/98_0	12/15	chr21	15377460	15377461	0	chr22	25963295	25963859	565	15377450:15377533:25963849:25963898	15377437:15377471:25963254:25963305
inso	215_0/185_0	10/11	chr21	24120387	24120383	-5	chr22	41582578	41583072	495	24120377:24120397:41583062:41583107	24120352:24120393:41582533:41582588
del_inso	220_0/267_0	11/16	chr21	24557696	24558756	1059	chr22	17558030	17558559	530	24557686:24557724:17558549:17558597	24558708:24558766:17558013:17558040
del_inso	261_0/217_0	8/10	chr21	16282199	16283213	1013	chr22	32811316	32811831	516	16282189:16282222:32811821:32811891	16283196:16283223:32811242:32811326
inso	264_0/18_0	8/18	chr21	21287138	21287146	7	chr22	48969104	48969664	561	21287128:21287208:48969654:48969684	21287105:21287156:48969067:48969114
del_inso	265_0/213_0	8/10	chr21	14943070	14944071	1000	chr22	36706975	36707520	546	14943060:14943091:36707510:36707570	14944047:14944081:36706913:36706985
inso	268_0/216_0	8/10	chr21	17294885	17294889	3	chr22	35414284	35414765	482	17294875:17294922:35414755:35414819	17294818:17294899:35414250:35414294
del_inso	290_0/31_0	7/17	chr21	14304514	14305565	1050	chr22	44364354	44364780	427	14304504:14304598:44364770:44364859	14305526:14305575:44364309:44364364
del_inso	292_0/289_0	7/7	chr21	20523870	20524954	1083	chr22	38304530	38305036	507	20523860:20523945:38305026:38305078	20524886:20524964:38304472:38304540
del_inso	310_0/99_0	6/14	chr21	14042746	14043588	841	chr22	24503924	24504505	582	14042736:14042817:24504495:24504546	14043563:14043598:24503899:24503934
del_inso	311_0/453_0	12/8	chr21	22189548	22190527	978	chr22	16439531	16439993	463	22189538:22189593:16439983:16440026	22190499:22190537:16439499:16439541
inso	328_0/350_0	10/8	chr21	13994918	13994918	-1	chr22	31247401	31247941	541	13994908:13994981:31247931:31248014	13994865:13994928:31247357:31247411
inso	345_0/106_0	13/15	chr21	21722032	21722032	-1	chr22	46941420	46941860	441	21722022:21722068:46941850:46941892	21722000:21722042:46941411:46941430
del_inso	346_0/468_1	17/8	chr21	18651084	18652127	1042	chr22	21120809	21121327	519	18651074:18651111:21121317:21121367	18652041:18652137:21120749:21120819
inso	347_0/351_0	10/7	chr21	13681952	13681946	-7	chr22	45266111	45266660	550	13681942:13682031:45266650:45266687	13681884:13681956:45266091:45266121
del_inso	353_0/464_0	6/8	chr21	16654408	16655410	1001	chr22	31500857	31501435	579	16654398:16654463:31501425:31501524	16655353:16655420:31500807:31500867
del_inso	467_0/2505_0	11/12	chr21	24158893	24159950	1056	chr22	37587101	37587670	570	24158883:24158927:37587660:37587699	24159907:24159960:37587064:37587111
del_inso	2590_0/2503_0	10/16	chr21	23904158	23905213	1054	chr22	19496675	19497189	515	23904148:23904237:19497179:19497250	23905176:23905223:19496657:19496685
inss	339_2/323_1	11/13	chr21	14817553	14817546	-8	chr22	21219591	21220027	437	14817543:14817594:21219528:21219601	14817521:14817556:21220017:21220062
transl_inter	67	15	chr21	18983483	1	chr22	37952537	-1	18983473:18983528:37952481:37952547
transl_inter	322	13	chr21	13308766	-1	chr22	21476769	-1	13308696:13308776:21476732:21476779
transl_inter	461	8	chr21	10351035	1	chr22	20971763	-1	10351025:10351093:20971739:20971773
transl_inter	2500	13	chr21	14255268	-1	chr22	17147984	1	14255218:14255278:17147974:17148034
transl_inter	2586	2	chr17	37568036	1	chr21	18907719	1	37568026:37568188:18907709:18907831
transl_inter	2621	2	chr21	15221269	-1	chr8	79212270	1	15221120:15221279:79212260:79212421
