inssu	3_0/55_0	20/15	chr21	21426800	21426803	2	chr21	21425336	21425782	447	1018	21425310:21425346:21426790:21426806	21425772:21425821:21426736:21426813
inssu	27_0/158_0	17/12	chr21	17932640	17932631	-10	chr21	17931108	17931631	524	1009	17931084:17931118:17932630:17932659	17931621:17931656:17932603:17932641
inssu	33_0/236_0	17/9	chr21	16387671	16387672	0	chr21	16386169	16386622	454	1049	16386127:16386179:16387661:16387731	16386612:16386644:16387613:16387682
del_inssd	52_0/145_0	15/12	chr21	16098280	16099289	1008	chr21	16100278	16100833	556	989	16099242:16099299:16100823:16100881	16098270:16098304:16100248:16100288
inssu	60_0/177_0	15/11	chr21	15840911	15840919	7	chr21	15839355	15839881	527	1030	15839297:15839365:15840901:15840942	15839871:15839938:15840854:15840929
del_inssd	80_0/207_0	14/10	chr21	16310350	16311327	976	chr21	16312303	16312807	505	976	16311290:16311337:16312797:16312849	16310340:16310405:16312243:16312313
inssu	92_0/111_0	14/13	chr21	16176501	16176500	-2	chr21	16175030	16175519	490	982	16174983:16175040:16176491:16176556	16175509:16175558:16176473:16176510
del_inssd	103_0/13_0	14/18	chr21	22224666	22225712	1045	chr21	22226778	22227285	508	1066	22225648:22225722:22227275:22227333	22224656:22224716:22226729:22226788
del_inssu	120_0/62_0	13/15	chr21	15509612	15510715	1102	chr21	15508140	15508647	508	965	15508082:15508150:15509602:15509654	15508637:15508681:15510661:15510725
del_inssd	130_0/87_0	14/16	chr21	20590789	20591750	960	chr21	20592657	20593154	498	907	20591731:20591760:20593144:20593202	20590779:20590845:20592613:20592667
del_inssd	133_0/23_0	12/17	chr21	17883342	17884277	934	chr21	17885155	17885707	553	878	17884237:17884287:17885697:17885753	17883332:17883384:17885122:17885165
inssu	140_0/295_0	14/13	chr21	10517009	10517007	-3	chr21	10515576	10516083	508	926	10515543:10515586:10516999:10517050	10516073:10516143:10516981:10517017
del_inssu	160_0/229_0	12/9	chr21	18708747	18709770	1022	chr21	18707147	18707639	493	1108	18707121:18707157:18708737:18708770	18707629:18707692:18709728:18709780
del_inssu	168_0/206_0	11/10	chr21	16840925	16841867	941	chr21	16839479	16840003	525	922	16839440:16839489:16840915:16840947	16839993:16840051:16841829:16841877
inssu	173_0/138_0	11/12	chr21	14182065	14182061	-5	chr21	14180591	14181032	442	1033	14180561:14180601:14182055:14182109	14181022:14181087:14182020:14182071
inssu	191_0/256_0	10/8	chr21	24068939	24068941	1	chr21	24067557	24068005	449	934	24067516:24067567:24068929:24068980	24067995:24068063:24068914:24068951
inssd	198_0/137_0	10/12	chr21	22645725	22645742	16	chr21	22646603	22647257	655	861	22645684:22645752:22647247:22647319	22645715:22645771:22646551:22646613
del_inssd	201_0/308_0	10/6	chr21	15809470	15810414	943	chr21	15811426	15811904	479	1012	15810364:15810424:15811894:15811947	15809460:15809512:15811405:15811436
del_inssd	211_0/230_0	10/9	chr21	24211437	24212439	1001	chr21	24213433	24213968	536	994	24212372:24212449:24213958:24213999	24211427:24211438:24213421:24213443
inssd	212_0/254_0	10/8	chr21	14570573	14570565	-9	chr21	14571522	14572064	543	957	14570517:14570575:14572054:14572125	14570563:14570608:14571480:14571532
inssd	226_0/239_0	17/12	chr21	13825985	13825982	-4	chr21	13827032	13827571	540	1050	13825946:13825992:13827561:13827601	13825975:13826021:13826965:13827042
del_inssu	243_0/238_0	11/14	chr21	14100543	14101512	968	chr21	14099076	14099517	442	1026	14099028:14099086:14100533:14100576	14099507:14099549:14101471:14101522
inssu	250_0/134_0	8/12	chr21	16965561	16965562	0	chr21	16964038	16964517	480	1044	16963967:16964048:16965551:16965626	16964507:16964558:16965534:16965572
del_inssu	274_0/104_0	15/14	chr21	14509843	14510935	1091	chr21	14508359	14508878	520	965	14508332:14508369:14509833:14509898	14508868:14508963:14510909:14510945
inssu	278_0/176_0	9/11	chr21	19907103	19907111	7	chr21	19905569	19906074	506	1029	19905492:19905579:19907093:19907129	19906064:19906143:19907075:19907121
inssu	281_0/180_0	7/11	chr21	24416468	24416464	-5	chr21	24414938	24415490	553	978	24414899:24414948:24416458:24416514	24415480:24415534:24416421:24416474
del_inssu	284_0/148_0	7/12	chr21	18213565	18214522	956	chr21	18212002	18212556	555	1009	18211961:18212012:18213555:18213616	18212546:18212602:18214460:18214532
tandem_dup	294_0	7	chr21	20271058	20272477	1419	20270991:20271068:20272467:20272505
inssu	301_0/200_0	6/10	chr21	17522054	17522053	-2	chr21	17520551	17521074	524	980	17520495:17520561:17522044:17522111	17521064:17521124:17522000:17522063
inssd	303_0/122_0	6/13	chr21	21199611	21199606	-6	chr21	21200609	21201065	457	1003	21199562:21199616:21201055:21201089	21199601:21199655:21200550:21200619
del_inssd	320_0/164_0	5/11	chr21	20270062	20271032	969	chr21	20272054	20272480	427	1022	20270955:20271042:20272470:20272542	20270052:20270070:20272003:20272064
del_inssd	330_0/327_0	8/5	chr21	13000252	13001273	1020	chr21	13002331	13002702	372	1058	13001218:13001283:13002692:13002796	13000242:13000323:13002282:13002341
del_invers	0_0/40_0	23/16	chr21	17649755	17649994	508	chr21	17650502	17650740	17649745:17649786:17650492:17650546	17649967:17650004:17650691:17650750
insod	2_0/248_0	20/8	chr21	22313836	22313834	-3	chr21	22314881	22315402	522	1047	22313826:22313881:22315392:22315453	22313782:22313844:22314817:22314891
del_insod	5_0/306_0	19/6	chr21	19051041	19052157	1115	chr21	19053124	19053600	477	967	19051031:19051075:19053590:19053666	19052082:19052167:19053032:19053134
invers	7_0/297_0	19/11	chr21	18849059	18849059	474	chr21	18849533	18849534	18849049:18849103:18849523:18849556	18849025:18849069:18849496:18849544
invers	8_0/82_0	19/14	chr21	19486782	19486779	536	chr21	19487315	19487316	19486772:19486790:19487305:19487358	19486729:19486789:19487279:19487326
invers	9_0/171_0	19/11	chr21	20799101	20799100	491	chr21	20799591	20799587	20799091:20799152:20799581:20799633	20799066:20799110:20799543:20799597
del_insod	15_0/24_0	18/17	chr21	21969285	21970277	991	chr21	21971306	21971826	521	1029	21969275:21969288:21971816:21971872	21970249:21970287:21971273:21971316
invers	17_0/66_0	18/15	chr21	17613533	17613522	383	chr21	17613905	17613902	17613523:17613534:17613895:17613955	17613476:17613532:17613851:17613912
del_insod	25_0/54_0	16/15	chr21	23263475	23264452	976	chr21	23265435	23265884	450	983	23263465:23263488:23265874:23265920	23264392:23264462:23265409:23265445
invers	26_0/141_0	17/12	chr21	20413844	20413841	461	chr21	20414302	20414298	20413834:20413887:20414292:20414365	20413810:20413851:20414244:20414308
del_insod	28_0/172_0	17/11	chr21	21397201	21398281	1079	chr21	21399297	21399841	545	1016	21397191:21397251:21399831:21399889	21398235:21398291:21399244:21399307
invers	29_0/119_0	17/13	chr21	19110794	19110789	500	chr21	19111289	19111278	19110784:19110804:19111279:19111342	19110730:19110799:19111258:19111288
del_insou	38_0/65_0	16/15	chr21	19797880	19798954	1073	chr21	19796352	19796827	476	1053	19796817:19796872:19797870:19797911	19796309:19796362:19798885:19798964
del_invers	44_0/255_0	16/8	chr21	15957028	15957309	471	chr21	15957780	15958062	15957018:15957077:15957770:15957826	15957260:15957319:15958034:15958072
del_invers	45_0/259_0	16/8	chr21	19215522	19215838	484	chr21	19216322	19216636	19215512:19215585:19216312:19216360	19215783:19215848:19216584:19216646
insou	56_0/113_0	15/13	chr21	23737220	23737215	-6	chr21	23735672	23736228	557	992	23736218:23736234:23737210:23737259	23735623:23735682:23737194:23737225
del_invers	57_0/4_0	15/20	chr21	15612230	15612458	525	chr21	15612983	15613213	15612220:15612265:15612973:15613021	15612405:15612468:15613173:15613223
del_invers	58_0/159_0	15/12	chr21	15238281	15238489	547	chr21	15239036	15239245	15238271:15238309:15239026:15239097	15238442:15238499:15239198:15239255
del_invers	59_0/37_0	15/16	chr21	21276922	21277132	506	chr21	21277638	21277862	21276912:21276967:21277628:21277692	21277080:21277142:21277815:21277872
invers	61_0/199_0	15/10	chr21	21476397	21476394	471	chr21	21476865	21476866	21476387:21476438:21476855:21476909	21476358:21476404:21476835:21476876
del_insod	63_0/302_0	15/6	chr21	19388806	19389835	1028	chr21	19390938	19391319	382	1103	19388796:19388863:19391309:19391361	19389781:19389845:19390885:19390948
del_invers	64_0/83_0	15/14	chr21	23834274	23834516	505	chr21	23835021	23835263	23834264:23834327:23835011:23835058	23834485:23834526:23835234:23835273
invers	74_0/244_0	24/8	chr21	15545541	15545540	562	chr21	15546102	15546105	15545531:15545561:15546092:15546154	15545482:15545550:15546044:15546115
invers	75_0/41_0	14/16	chr21	19925493	19925486	521	chr21	19926007	19926009	19925483:19925550:19925997:19926055	19925441:19925496:19925961:19926019
invers	76_0/142_0	14/12	chr21	15892910	15892904	502	chr21	15893406	15893399	15892900:15892953:15893396:15893430	15892865:15892914:15893345:15893409
invers	77_0/178_0	14/11	chr21	21209780	21209777	507	chr21	21210284	21210283	21209770:21209831:21210274:21210311	21209705:21209787:21210253:21210293
invers	79_0/47_0	14/16	chr21	16422523	16422526	493	chr21	16423019	16423018	16422513:16422584:16423009:16423052	16422481:16422536:16422959:16423028
del_insod	81_0/107_0	14/15	chr21	22577596	22578634	1037	chr21	22579585	22580097	513	951	22577586:22577643:22580087:22580150	22578601:22578644:22579551:22579595
del_invers	85_0/166_0	14/11	chr21	24470980	24471216	490	chr21	24471706	24471929	24470970:24471014:24471696:24471718	24471177:24471226:24471906:24471939
invers	88_0/34_0	14/16	chr21	22048784	22048775	516	chr21	22049291	22049286	22048774:22048833:22049281:22049339	22048757:22048785:22049242:22049296
del_invers	89_0/196_0	14/10	chr21	16251272	16251516	545	chr21	16252061	16252299	16251262:16251294:16252051:16252099	16251493:16251526:16252250:16252309
del_invers	93_0/169_0	14/11	chr21	14221131	14221362	572	chr21	14221934	14222174	14221121:14221184:14221924:14221986	14221298:14221372:14222137:14222184
invers	100_0/223_0	18/10	chr21	23289757	23289754	552	chr21	23290306	23290300	23289747:23289777:23290296:23290344	23289699:23289764:23290248:23290310
del_invers	114_0/146_0	13/12	chr21	17131512	17131766	462	chr21	17132228	17132480	17131502:17131536:17132218:17132247	17131741:17131776:17132429:17132490
del_insod	117_0/202_0	13/10	chr21	17448492	17449544	1051	chr21	17450512	17450931	420	968	17448482:17448550:17450921:17450980	17449497:17449554:17450478:17450522
del_invers	118_0/116_0	13/13	chr21	22813928	22814142	534	chr21	22814676	22814897	22813918:22813976:22814666:22814733	22814092:22814152:22814862:22814907
del_insod	121_0/318_0	13/5	chr21	10686111	10687135	1023	chr21	10688176	10688749	574	1041	10686101:10686149:10688739:10688783	10687079:10687145:10688149:10688186
invers	129_0/187_0	15/13	chr21	17061774	17061773	508	chr21	17062281	17062277	17061764:17061811:17062271:17062327	17061736:17061783:17062240:17062287
del_invers	131_0/329_0	15/15	chr21	22446622	22446807	616	chr21	22447423	22447606	22446612:22446682:22447413:22447472	22446763:22446817:22447555:22447616
insod	143_0/42_0	12/16	chr21	19456667	19456660	-8	chr21	19457610	19458100	491	950	19456657:19456685:19458090:19458130	19456638:19456670:19457601:19457620
insod	162_0/105_0	11/14	chr21	18741717	18741711	-7	chr21	18742798	18743293	496	1087	18741707:18741739:18743283:18743334	18741676:18741721:18742775:18742808
insou	163_0/86_0	11/14	chr21	15109896	15109887	-10	chr21	15108401	15108904	504	992	15108894:15108922:15109886:15109953	15108359:15108411:15109831:15109897
invers	170_0/210_0	11/10	chr21	17955257	17955258	496	chr21	17955754	17955746	17955247:17955292:17955744:17955784	17955199:17955268:17955691:17955756
invers	174_0/147_0	11/12	chr21	22325748	22325745	458	chr21	22326203	22326206	22325738:22325787:22326193:22326238	22325695:22325755:22326148:22326216
del_invers	175_0/275_0	11/8	chr21	16514592	16514863	437	chr21	16515300	16515571	16514582:16514642:16515290:16515362	16514814:16514873:16515521:16515581
del_invers	189_0/90_0	12/13	chr21	18907754	18907988	557	chr21	18908545	18908779	18907744:18907791:18908535:18908604	18907951:18907998:18908724:18908789
insod	190_0/1_0	11/20	chr21	22022504	22022511	6	chr21	22023503	22024093	591	992	22022494:22022555:22024083:22024143	22022478:22022521:22023469:22023513
del_invers	192_0/241_0	10/10	chr21	20429647	20429952	442	chr21	20430394	20430695	20429637:20429712:20430384:20430430	20429917:20429962:20430640:20430705
del_invers	194_0/136_0	10/12	chr21	21622441	21622653	588	chr21	21623241	21623452	21622431:21622476:21623231:21623275	21622637:21622663:21623398:21623462
del_invers	195_0/305_0	10/6	chr21	23322238	23322494	485	chr21	23322979	23323223	23322228:23322288:23322969:23323055	23322418:23322504:23323166:23323233
insou	197_0/14_0	10/18	chr21	15531069	15531072	2	chr21	15529631	15530150	520	919	15530140:15530171:15531059:15531104	15529598:15529641:15531046:15531082
invers	204_0/108_0	10/14	chr21	24435487	24435484	436	chr21	24435920	24435915	24435477:24435538:24435910:24435965	24435455:24435494:24435865:24435925
invers	208_0/231_0	10/9	chr21	23815866	23815863	487	chr21	23816350	23816347	23815856:23815911:23816340:23816383	23815824:23815873:23816303:23816357
del_insod	209_0/135_0	10/12	chr21	15078765	15079692	926	chr21	15080663	15081168	506	971	15078755:15078825:15081158:15081248	15079641:15079702:15080626:15080673
invers	218_0/46_0	13/16	chr21	18323542	18323532	470	chr21	18324002	18324011	18323532:18323564:18323992:18324042	18323508:18323542:18323969:18324021
del_invers	224_0/16_0	10/18	chr21	24107188	24107429	473	chr21	24107902	24108158	24107178:24107254:24107892:24107972	24107376:24107439:24108140:24108168
insou	225_0/460_0	13/4	chr21	13503717	13503714	-4	chr21	13502221	13502645	425	1072	13502635:13502700:13503707:13503762	13502125:13502231:13503596:13503724
invers	234_0/84_0	9/14	chr21	15220750	15220747	457	chr21	15221204	15221216	15220740:15220790:15221194:15221232	15220677:15220757:15221198:15221226
del_invers	245_0/112_0	8/13	chr21	18415091	18415331	559	chr21	18415890	18416128	18415081:18415119:18415880:18415931	18415303:18415341:18416082:18416138
del_invers	246_0/51_0	8/16	chr21	17966852	17967083	496	chr21	17967579	17967811	17966842:17966901:17967569:17967644	17967042:17967093:17967751:17967821
invers	249_0/157_0	8/14	chr21	22671543	22671535	545	chr21	22672080	22672081	22671533:22671585:22672070:22672138	22671465:22671545:22672033:22672091
del_invers	252_0/182_0	8/11	chr21	19996380	19996654	501	chr21	19997155	19997407	19996370:19996450:19997145:19997220	19996602:19996664:19997382:19997417
del_insod	253_0/247_0	8/8	chr21	21109191	21110223	1031	chr21	21111196	21111780	585	973	21109181:21109214:21111770:21111835	21110166:21110233:21111124:21111206
invers	257_0/36_0	8/16	chr21	24089745	24089747	543	chr21	24090290	24090290	24089735:24089801:24090280:24090324	24089710:24089757:24090262:24090300
invers	271_0/221_0	10/13	chr21	16206080	16206078	502	chr21	16206580	16206580	16206070:16206124:16206570:16206639	16206046:16206088:16206536:16206590
del_invers	272_0/205_0	8/10	chr21	22107460	22107730	424	chr21	22108154	22108424	22107450:22107509:22108144:22108217	22107682:22107740:22108368:22108434
del_invers	273_0/102_0	8/14	chr21	14643175	14643428	506	chr21	14643934	14644183	14643165:14643216:14643924:14643967	14643374:14643438:14644161:14644193
del_invers	276_0/285_0	8/8	chr21	19545564	19545890	469	chr21	19546359	19546683	19545554:19545637:19546349:19546394	19545846:19545900:19546631:19546693
insod	279_0/228_0	7/9	chr21	23275076	23275077	0	chr21	23276016	23276579	564	939	23275066:23275151:23276569:23276646	23275050:23275087:23275967:23276026
del_insou	282_0/232_0	7/9	chr21	24008987	24009942	954	chr21	24007622	24008057	436	930	24008047:24008128:24008977:24009033	24007578:24007632:24009918:24009952
insod	283_0/251_0	7/8	chr21	19094058	19094066	7	chr21	19095082	19095569	488	1016	19094048:19094133:19095559:19095644	19094023:19094076:19095034:19095092
del_insou	287_0/43_0	14/16	chr21	23707954	23709044	1089	chr21	23706665	23706994	330	960	23706984:23707042:23707944:23707997	23706607:23706675:23709001:23709054
invers	296_0/240_0	8/10	chr21	14200735	14200726	523	chr21	14201249	14201253	14200725:14200795:14201239:14201304	14200678:14200736:14201224:14201263
del_invers	298_0/2498_0	12/5	chr21	13231049	13231260	484	chr21	13231744	13231973	13231039:13231097:13231734:13231767	13231170:13231270:13231900:13231983
del_insou	304_0/458_0	9/3	chr21	13479863	13480978	1114	chr21	13478422	13478899	478	964	13478889:13478940:13479853:13479911	13478282:13478432:13480862:13480988
insou	307_0/30_0	6/17	chr21	18257029	18257030	0	chr21	18255554	18255991	438	1038	18255981:18256022:18257019:18257088	18255516:18255564:18257000:18257040
insod	316_0/167_0	7/11	chr21	20757328	20757325	-4	chr21	20758409	20758852	444	1084	20757318:20757390:20758842:20758904	20757270:20757335:20758366:20758419
del_invers	326_0/2504_0	9/2	chr21	10377215	10377478	458	chr21	10377936	10378204	10377205:10377249:10377926:10377964	10377366:10377488:10378137:10378214
insou	331_0/186_0	9/19	chr21	13924563	13924595	31	chr21	13924154	13924159	6	404	13924149:13924213:13924553:13924636	13924129:13924164:13924552:13924605
del_invers	333_0/12_0	10/20	chr21	13953422	13953660	496	chr21	13954156	13954392	13953412:13953483:13954146:13954201	13953620:13953670:13954356:13954402
invers	336_0/161_0	6/17	chr21	10450839	10450840	474	chr21	10451314	10451345	10450829:10450926:10451304:10451368	10450784:10450850:10451301:10451355
invers_f	450_0	4	chr21	13801370	13802391	1021	13801360:13801438:13802381:13802469
invers	466_0/335_0	5/8	chr21	13129913	13129923	484	chr21	13130407	13130419	13129903:13129986:13130397:13130472	13129840:13129933:13130359:13130429
invers_f	2624_0	2	chr21	14626638	14627062	424	14626628:14626780:14627052:14627186
insod	319_0/332_0	10/8	chr22	11018904	11018900	-5	chr22	44462776	44463384	609	33443876	11018894:11018957:44463374:44463442	11018856:11018910:44462733:44462786
invers_f	2502_0	5	chr22	17027973	20972301	3944328	17027963:17028038:20972291:20972375
del	6	19	chr21	16788701	16789637	935	16788691:16788767:16789599:16789647
del	22	17	chr21	20223535	20224492	956	20223525:20223565:20224460:20224502
del	35	16	chr21	15000594	15001627	1032	15000584:15000624:15001560:15001637
del	39	16	chr21	15790030	15790979	948	15790020:15790058:15790954:15790989
del	53	15	chr21	18998674	18999663	988	18998664:18998701:18999602:18999673
del	78	14	chr21	19674609	19675604	994	19674599:19674630:19675561:19675614
del	91	14	chr21	14078499	14079496	996	14078489:14078542:14079448:14079506
del	94	14	chr21	18689947	18691003	1055	18689937:18689971:18690959:18691013
del	101	14	chr21	21318337	21319339	1001	21318327:21318383:21319301:21319349
del	109	13	chr21	10761438	10762440	1001	10761428:10761493:10762382:10762450
del	110	13	chr21	23572836	23573815	978	23572826:23572896:23573772:23573825
del	115	13	chr21	23045368	23046465	1096	23045358:23045415:23046407:23046475
del	139	12	chr21	14317013	14317994	980	14317003:14317047:14317934:14318004
del	144	12	chr21	17395487	17396449	961	17395477:17395522:17396417:17396459
del	165	11	chr21	16085949	16086895	945	16085939:16085998:16086834:16086905
del	179	11	chr21	19353367	19354441	1073	19353357:19353408:19354395:19354451
del	181	11	chr21	20555711	20556818	1106	20555701:20555786:20556805:20556828
del	193	10	chr21	23922525	23923414	888	23922515:23922561:23923357:23923424
del	203	10	chr21	22210548	22211540	991	22210538:22210574:22211477:22211550
del	219	14	chr21	13463353	13464380	1026	13463343:13463414:13464330:13464390
del	222	10	chr21	17866435	17867312	876	17866425:17866503:17867284:17867322
del	227	9	chr21	21846842	21847813	970	21846832:21846888:21847782:21847823
del	233	9	chr21	21064387	21065271	883	21064377:21064429:21065220:21065281
del	235	9	chr21	18103066	18104119	1052	18103056:18103118:18104093:18104129
invers_r	258	8	chr21	20833557	20834298	741	20833508:20833567:20834242:20834308
del	280	8	chr21	15465013	15466025	1011	15465003:15465043:15465978:15466035
del	286	7	chr21	16297284	16298335	1050	16297274:16297345:16298276:16298345
del	300	6	chr21	20315375	20316353	977	20315365:20315409:20316328:20316363
del	315	6	chr21	22550492	22551485	992	22550482:22550553:22551428:22551495
del	340	3	chr21	17855994	17856053	58	17855984:17856048:17856001:17856063
del	354	2	chr21	20997757	20997807	49	20997747:20997790:20997769:20997817
del	355	2	chr21	22155200	22155249	48	22155190:22155237:22155226:22155259
del	356	2	chr21	17651353	17651396	42	17651343:17651384:17651364:17651406
del	359	2	chr21	22592637	22592690	52	22592627:22592682:22592645:22592700
del	361	2	chr21	18737634	18737657	22	18737624:18737650:18737645:18737667
del	367	2	chr21	17813446	17813473	26	17813436:17813467:17813452:17813483
del	368	2	chr21	18528884	18529002	117	18528874:18528991:18528900:18529012
del	369	2	chr21	24071932	24072037	104	24071922:24072031:24071938:24072047
del	370	2	chr21	14557576	14557650	73	14557566:14557645:14557591:14557660
del	371	2	chr21	17032734	17032740	5	17032724:17032728:17032739:17032750
del	374	2	chr21	21683220	21683262	41	21683210:21683256:21683225:21683272
del	375	2	chr21	23190731	23190742	10	23190721:23190736:23190736:23190752
del	376	2	chr21	21611525	21611531	5	21611515:21611526:21611533:21611541
del	378	2	chr21	21134686	21134706	19	21134676:21134702:21134704:21134716
del	380	2	chr21	21928811	21928902	90	21928801:21928898:21928817:21928912
del	381	2	chr21	20362275	20362335	59	20362265:20362328:20362279:20362345
del	383	2	chr21	21420848	21420935	86	21420838:21420931:21420855:21420945
del	386	2	chr21	10680474	10680581	106	10680464:10680571:10680478:10680591
del	387	2	chr21	19099488	19099534	45	19099478:19099528:19099492:19099544
del	388	2	chr21	15139363	15139469	105	15139353:15139456:15139366:15139479
del	389	2	chr21	19266482	19266588	105	19266472:19266585:19266486:19266598
del	390	2	chr21	21812991	21813043	51	21812981:21813040:21813000:21813053
del	395	2	chr21	14265559	14265615	55	14265549:14265612:14265566:14265625
del	396	2	chr21	23973621	23973636	14	23973611:23973626:23973624:23973646
del	398	2	chr21	17855103	17855211	107	17855093:17855208:17855107:17855221
del	400	2	chr21	20736098	20736181	82	20736088:20736178:20736106:20736191
del	403	2	chr21	15848766	15848808	41	15848756:15848798:15848768:15848818
del	405	2	chr21	19932281	19932322	40	19932271:19932318:19932283:19932332
del	408	2	chr21	19557421	19557504	82	19557411:19557491:19557423:19557514
del	409	2	chr21	24068592	24068672	79	24068582:24068670:24068602:24068682
del	410	2	chr21	22513813	22513844	30	22513803:22513831:22513815:22513854
del	413	2	chr21	15185152	15185246	93	15185142:15185212:15185154:15185256
del	416	2	chr21	20508593	20508599	5	20508583:20508597:20508601:20508609
del	417	2	chr21	14534951	14535007	55	14534941:14534998:14534953:14535017
del	418	2	chr21	10811028	10811094	65	10811018:10811092:10811031:10811104
del	420	2	chr21	22141188	22141245	56	22141178:22141243:22141195:22141255
del	421	2	chr21	22929117	22929155	37	22929107:22929153:22929123:22929165
del	422	2	chr21	23370950	23370974	23	23370940:23370972:23370960:23370984
del	424	2	chr21	15632641	15632750	108	15632631:15632749:15632643:15632760
del	426	2	chr21	23079071	23079108	36	23079061:23079107:23079074:23079118
del	428	2	chr21	14411953	14411966	12	14411943:14411943:14411954:14411976
del	429	2	chr21	23158572	23158613	40	23158562:23158612:23158580:23158623
del	435	2	chr21	10809620	10809661	40	10809610:10809660:10809641:10809671
del	436	2	chr21	19476796	19476891	94	19476786:19476890:19476805:19476901
del	438	2	chr21	16568316	16568391	74	16568306:16568390:16568328:16568401
del	441	2	chr21	20231951	20231962	10	20231941:20231961:20231955:20231972
del	446	2	chr21	20743683	20743726	42	20743673:20743725:20743684:20743736
del	447	2	chr21	15670422	15670523	100	15670412:15670520:15670423:15670533
del	448	2	chr21	20213797	20213817	19	20213787:20213796:20213798:20213827
del	456	2	chr21	10468971	10469046	74	10468961:10469042:10468977:10469056
del	457	3	chr21	10333607	10334667	1059	10333597:10333709:10334571:10334677
del	2385	2	chr21	14006721	14006811	89	14006711:14006810:14006731:14006821
del	2623	6	chr21	24180238	24181177	938	24180228:24180311:24181134:24181187
